<?xml version="1.0" encoding="UTF-8"?>
<testng-results ignored="0" total="1" passed="1" failed="0" skipped="0">
  <reporter-output>
  </reporter-output>
  <suite started-at="2024-06-30T05:10:51 IST" name="Suite" finished-at="2024-06-30T05:11:37 IST" duration-ms="46417">
    <groups>
    </groups>
    <test started-at="2024-06-30T05:10:51 IST" name="Test" finished-at="2024-06-30T05:11:37 IST" duration-ms="46417">
      <class name="com.bobchosbar.testcases.TC_Order_001">
        <test-method is-config="true" signature="setupSuite()[pri:0, instance:com.bobchosbar.testcases.TC_Order_001@11392934]" started-at="2024-06-30T05:10:49 IST" name="setupSuite" finished-at="2024-06-30T05:10:51 IST" duration-ms="1662" status="PASS">
          <reporter-output>
          </reporter-output>
        </test-method> <!-- setupSuite -->
        <test-method is-config="true" signature="setup()[pri:0, instance:com.bobchosbar.testcases.TC_Order_001@11392934]" started-at="2024-06-30T05:10:51 IST" name="setup" finished-at="2024-06-30T05:11:02 IST" duration-ms="11610" status="PASS">
          <reporter-output>
          </reporter-output>
        </test-method> <!-- setup -->
        <test-method signature="tc_order_001()[pri:0, instance:com.bobchosbar.testcases.TC_Order_001@11392934]" started-at="2024-06-30T05:11:02 IST" name="tc_order_001" finished-at="2024-06-30T05:11:36 IST" duration-ms="33351" status="PASS">
          <reporter-output>
          </reporter-output>
        </test-method> <!-- tc_order_001 -->
        <test-method is-config="true" signature="tearDownMethod(org.testng.ITestResult)[pri:0, instance:com.bobchosbar.testcases.TC_Order_001@11392934]" started-at="2024-06-30T05:11:36 IST" name="tearDownMethod" finished-at="2024-06-30T05:11:37 IST" duration-ms="766" status="PASS">
          <params>
            <param index="0">
              <value>
                <![CDATA[[TestResult name=tc_order_001 status=SUCCESS method=TC_Order_001.tc_order_001()[pri:0, instance:com.bobchosbar.testcases.TC_Order_001@11392934] output={null}]]]>
              </value>
            </param>
          </params>
          <reporter-output>
          </reporter-output>
        </test-method> <!-- tearDownMethod -->
        <test-method is-config="true" signature="tearDown()[pri:0, instance:com.bobchosbar.testcases.TC_Order_001@11392934]" started-at="2024-06-30T05:11:37 IST" name="tearDown" finished-at="2024-06-30T05:11:37 IST" duration-ms="640" status="PASS">
          <reporter-output>
          </reporter-output>
        </test-method> <!-- tearDown -->
      </class> <!-- com.bobchosbar.testcases.TC_Order_001 -->
    </test> <!-- Test -->
  </suite> <!-- Suite -->
</testng-results>
